Downloading/unpacking pathlib

  Getting page http://pypi.python.org/simple/pathlib
  URLs to search for versions for pathlib:
  * http://pypi.python.org/simple/pathlib/
  Getting page http://pypi.python.org/simple/pathlib/
  Analyzing links from page https://pypi.python.org/simple/pathlib/
    Found link https://pypi.python.org/packages/source/p/pathlib/pathlib-0.1.tar.gz#md5=ca6593e39ce7c09fd287aaa75ac8b7fa (from https://pypi.python.org/simple/pathlib/), version: 0.1
    Found link https://pypi.python.org/packages/source/p/pathlib/pathlib-0.2.tar.gz#md5=5d556faed82e58bc6bd2a9494a806803 (from https://pypi.python.org/simple/pathlib/), version: 0.2
    Found link https://pypi.python.org/packages/source/p/pathlib/pathlib-0.3.tar.gz#md5=7fdba672539288d269629c4879daa3d3 (from https://pypi.python.org/simple/pathlib/), version: 0.3
    Found link https://pypi.python.org/packages/source/p/pathlib/pathlib-0.4.tar.gz#md5=787ff754e5b4a387f2ffaeaf14276eec (from https://pypi.python.org/simple/pathlib/), version: 0.4
    Found link https://pypi.python.org/packages/source/p/pathlib/pathlib-0.5.tar.gz#md5=5ba364b0351de4432229a6268e1b1e54 (from https://pypi.python.org/simple/pathlib/), version: 0.5
    Found link https://pypi.python.org/packages/source/p/pathlib/pathlib-0.6.tar.gz#md5=de7e959829c60532c69e4636a1520f63 (from https://pypi.python.org/simple/pathlib/), version: 0.6
    Found link https://pypi.python.org/packages/source/p/pathlib/pathlib-0.7.tar.gz#md5=9e2749f2dc53027b1173343fbd1ca69e (from https://pypi.python.org/simple/pathlib/), version: 0.7
    Found link https://pypi.python.org/packages/source/p/pathlib/pathlib-0.8.tar.gz#md5=f05cb8074e73cac0965e8d8fb1c26dc5 (from https://pypi.python.org/simple/pathlib/), version: 0.8
    Found link https://pypi.python.org/packages/source/p/pathlib/pathlib-0.97.tar.gz#md5=44604062d4c0e95a674ecb92d3a5cf00 (from https://pypi.python.org/simple/pathlib/), version: 0.97
    Found link https://pypi.python.org/packages/source/p/pathlib/pathlib-1.0.1.tar.gz#md5=5099ed48be9b1ee29b31c82819240537 (from https://pypi.python.org/simple/pathlib/), version: 1.0.1
    Found link https://pypi.python.org/packages/source/p/pathlib/pathlib-1.0.tar.gz#md5=a0a834e2ac9e280f9cfc3a06f5ac1ca3 (from https://pypi.python.org/simple/pathlib/), version: 1.0
    Skipping link http://readthedocs.org/docs/pathlib/en/latest/ (from https://pypi.python.org/simple/pathlib/); not a file
    Skipping link https://bitbucket.org/pitrou/pathlib/ (from https://pypi.python.org/simple/pathlib/); not a file
  Using version 1.0.1 (newest of versions: 1.0.1, 1.0, 0.97, 0.8, 0.7, 0.6, 0.5, 0.4, 0.3, 0.2, 0.1)
  Downloading from URL https://pypi.python.org/packages/source/p/pathlib/pathlib-1.0.1.tar.gz#md5=5099ed48be9b1ee29b31c82819240537 (from https://pypi.python.org/simple/pathlib/)
  Running setup.py egg_info for package pathlib

    running egg_info
    creating pip-egg-info/pathlib.egg-info
    writing pip-egg-info/pathlib.egg-info/PKG-INFO
    writing top-level names to pip-egg-info/pathlib.egg-info/top_level.txt
    writing dependency_links to pip-egg-info/pathlib.egg-info/dependency_links.txt
    writing manifest file 'pip-egg-info/pathlib.egg-info/SOURCES.txt'
    warning: manifest_maker: standard file '-c' not found
    

    reading manifest file 'pip-egg-info/pathlib.egg-info/SOURCES.txt'
    writing manifest file 'pip-egg-info/pathlib.egg-info/SOURCES.txt'
Installing collected packages: pathlib

  Running setup.py install for pathlib

    Running command /usr/bin/python3.2 -c "import setuptools;__file__='/home/pi/pika-vim/build/pathlib/setup.py';exec(compile(open(__file__).read().replace('\r\n', '\n'), __file__, 'exec'))" install --single-version-externally-managed --record /tmp/pip-as4xi7-record/install-record.txt
    running install
    running build
    running build_py
    creating build
    creating build/lib
    copying pathlib.py -> build/lib
    running install_lib
    copying build/lib/pathlib.py -> /usr/local/lib/python3.2/dist-packages
    error: /usr/local/lib/python3.2/dist-packages/pathlib.py: Permission denied

    Complete output from command /usr/bin/python3.2 -c "import setuptools;__file__='/home/pi/pika-vim/build/pathlib/setup.py';exec(compile(open(__file__).read().replace('\r\n', '\n'), __file__, 'exec'))" install --single-version-externally-managed --record /tmp/pip-as4xi7-record/install-record.txt:

    running install

running build

running build_py

creating build

creating build/lib

copying pathlib.py -> build/lib

running install_lib

copying build/lib/pathlib.py -> /usr/local/lib/python3.2/dist-packages

error: /usr/local/lib/python3.2/dist-packages/pathlib.py: Permission denied

----------------------------------------

Command /usr/bin/python3.2 -c "import setuptools;__file__='/home/pi/pika-vim/build/pathlib/setup.py';exec(compile(open(__file__).read().replace('\r\n', '\n'), __file__, 'exec'))" install --single-version-externally-managed --record /tmp/pip-as4xi7-record/install-record.txt failed with error code 1 in /home/pi/pika-vim/build/pathlib

Exception information:
Traceback (most recent call last):
  File "/usr/lib/python3/dist-packages/pip/basecommand.py", line 104, in main
    status = self.run(options, args)
  File "/usr/lib/python3/dist-packages/pip/commands/install.py", line 250, in run
    requirement_set.install(install_options, global_options)
  File "/usr/lib/python3/dist-packages/pip/req.py", line 1133, in install
    requirement.install(install_options, global_options)
  File "/usr/lib/python3/dist-packages/pip/req.py", line 577, in install
    cwd=self.source_dir, filter_stdout=self._filter_install, show_stdout=False)
  File "/usr/lib/python3/dist-packages/pip/__init__.py", line 256, in call_subprocess
    % (command_desc, proc.returncode, cwd))
pip.exceptions.InstallationError: Command /usr/bin/python3.2 -c "import setuptools;__file__='/home/pi/pika-vim/build/pathlib/setup.py';exec(compile(open(__file__).read().replace('\r\n', '\n'), __file__, 'exec'))" install --single-version-externally-managed --record /tmp/pip-as4xi7-record/install-record.txt failed with error code 1 in /home/pi/pika-vim/build/pathlib
